<?xml version="1.0" encoding="UTF-8"?>
<testsuite name="WyreCombinationsTest3" tests="1" skipped="0" failures="0" errors="0" timestamp="2021-04-28T19:37:33" hostname="Michaels-MBP" time="0.012">
  <properties/>
  <testcase name="test" classname="WyreCombinationsTest3" time="0.012"/>
  <system-out><![CDATA[11
]]></system-out>
  <system-err><![CDATA[]]></system-err>
</testsuite>
